<?xml version="1.0" encoding="UTF-8"?>
<!-- Generated by org.testng.reporters.JUnitReportReporter -->
<testsuite hostname="ATMECSINDT-080" failures="0" tests="4" name="com.atmecs.practo.testscripts.RemoveFromCart" time="71.462" errors="0" timestamp="2019-09-16T10:17:02 IST" skipped="0">
  <testcase classname="com.atmecs.practo.testscripts.RemoveFromCart" name="clickOnDiagnostics" time="62.733"/>
  <testcase classname="com.atmecs.practo.testscripts.RemoveFromCart" name="validateAfterAdd" time="2.363"/>
  <testcase classname="com.atmecs.practo.testscripts.RemoveFromCart" name="cartAfterRemovalOfSample" time="6.166"/>
  <testcase classname="com.atmecs.practo.testscripts.RemoveFromCart" name="validateCartAfterRemoval" time="0.200"/>
</testsuite> <!-- com.atmecs.practo.testscripts.RemoveFromCart -->
